<program>
 <importStmt>
  Reserved Word: import
  Reserved Word: java
  .
  Reserved Word: util
  .
  Reserved Word: Scanner
  ;
  ... node has no more children
 Reserved Word: class
 IDENTIFIER: CS316ex13
 {
 <mainDecl>
  Reserved Word: public
  Reserved Word: static
  Reserved Word: void
  Reserved Word: main
  (
  Reserved Word: String
  IDENTIFIER: args
  [
  ]
  )
  <compoundStmt>
   {
   <statement>
    <varDecl>
     Reserved Word: Scanner
     IDENTIFIER: input
     =
     Reserved Word: new
     Reserved Word: Scanner
     (
     Reserved Word: System
     .
     Reserved Word: in
     )
     ;
     ... node has no more children
    ... node has no more children
   <statement>
    <varDecl>
     Reserved Word: int
     <singleVarDecl>
      IDENTIFIER: im
      =
      <expr3>
       <expr2>
        <expr1>
         UNSIGNED INTEGER LITERAL: 714025
         ... node has no more children
        ... node has no more children
       ... node has no more children
      ... node has no more children
     ,
     <singleVarDecl>
      IDENTIFIER: ia
      =
      <expr3>
       <expr2>
        <expr1>
         UNSIGNED INTEGER LITERAL: 1366
         ... node has no more children
        ... node has no more children
       ... node has no more children
      ... node has no more children
     ,
     <singleVarDecl>
      IDENTIFIER: ic
      =
      <expr3>
       <expr2>
        <expr1>
         UNSIGNED INTEGER LITERAL: 150889
         ... node has no more children
        ... node has no more children
       ... node has no more children
      ... node has no more children
     ;
     ... node has no more children
    ... node has no more children
   <statement>
    <varDecl>
     Reserved Word: int
     <singleVarDecl>
      IDENTIFIER: jlo
      =
      <expr3>
       <expr2>
        <expr1>
         UNSIGNED INTEGER LITERAL: 1
         ... node has no more children
        ... node has no more children
       ... node has no more children
      ... node has no more children
     ,
     <singleVarDecl>
      IDENTIFIER: jhi
      =
      <expr3>
       <expr2>
        <expr1>
         UNSIGNED INTEGER LITERAL: 10
         ... node has no more children
        ... node has no more children
       ... node has no more children
      ... node has no more children
     ;
     ... node has no more children
    ... node has no more children
   <statement>
    <outputStmt>
     Reserved Word: System
     .
     Reserved Word: out
     .
     Reserved Word: print
     (
     <printArgument>
      CHARACTER STRING LITERAL: "Enter non-negative integer seed <= 750,000: "
      ... node has no more children
     )
     ;
     ... node has no more children
    ... node has no more children
   <statement>
    <varDecl>
     Reserved Word: int
     <singleVarDecl>
      IDENTIFIER: jran
      =
      <expr3>
       <expr2>
        <expr1>
         IDENTIFIER: input
         .
         Reserved Word: nextInt
         (
         )
         ... node has no more children
        ... node has no more children
       ... node has no more children
      ... node has no more children
     ;
     ... node has no more children
    ... node has no more children
   <statement>
    <outputStmt>
     Reserved Word: System
     .
     Reserved Word: out
     .
     Reserved Word: print
     (
     <printArgument>
      CHARACTER STRING LITERAL: "Enter no. of iterations: "
      ... node has no more children
     )
     ;
     ... node has no more children
    ... node has no more children
   <statement>
    <varDecl>
     Reserved Word: int
     <singleVarDecl>
      IDENTIFIER: maxIterations
      =
      <expr3>
       <expr2>
        <expr1>
         IDENTIFIER: input
         .
         Reserved Word: nextInt
         (
         )
         ... node has no more children
        ... node has no more children
       ... node has no more children
      ... node has no more children
     ;
     ... node has no more children
    ... node has no more children
   <statement>
    <varDecl>
     Reserved Word: int
     <singleVarDecl>
      IDENTIFIER: count
      =
      <expr3>
       <expr2>
        <expr1>
         UNSIGNED INTEGER LITERAL: 0
         ... node has no more children
        ... node has no more children
       ... node has no more children
      ... node has no more children
     ;
     ... node has no more children
    ... node has no more children
   <statement>
    <varDecl>
     Reserved Word: int
     <singleVarDecl>
      IDENTIFIER: r
      [
      ]
      [
      ]
      [
      ]
      ... node has no more children
     ;
     ... node has no more children
    ... node has no more children
   <statement>
    <whileStmt>
     Reserved Word: while
     (
     <expr7>
      <expr6>
       <expr5>
        <expr4>
         <expr3>
          <expr2>
           <expr1>
            IDENTIFIER: count
            ... node has no more children
           ... node has no more children
          ... node has no more children
         ... node has no more children
        !=
        <expr4>
         <expr3>
          <expr2>
           <expr1>
            IDENTIFIER: maxIterations
            ... node has no more children
           ... node has no more children
          ... node has no more children
         ... node has no more children
        ... node has no more children
       ... node has no more children
      ... node has no more children
     )
     <statement>
      <compoundStmt>
       {
       <statement>
        <assignmentOrInvoc>
         IDENTIFIER: count
         =
         <expr3>
          <expr2>
           <expr1>
            IDENTIFIER: count
            ... node has no more children
           ... node has no more children
          +
          <expr2>
           <expr1>
            UNSIGNED INTEGER LITERAL: 1
            ... node has no more children
           ... node has no more children
          ... node has no more children
         ;
         ... node has no more children
        ... node has no more children
       <statement>
        <assignmentOrInvoc>
         IDENTIFIER: jran
         =
         <expr3>
          <expr2>
           <expr1>
            (
            <expr7>
             <expr6>
              <expr5>
               <expr4>
                <expr3>
                 <expr2>
                  <expr1>
                   IDENTIFIER: jran
                   ... node has no more children
                  *
                  <expr1>
                   IDENTIFIER: ia
                   ... node has no more children
                  ... node has no more children
                 +
                 <expr2>
                  <expr1>
                   IDENTIFIER: ic
                   ... node has no more children
                  ... node has no more children
                 ... node has no more children
                ... node has no more children
               ... node has no more children
              ... node has no more children
             ... node has no more children
            )
            ... node has no more children
           %
           <expr1>
            IDENTIFIER: im
            ... node has no more children
           ... node has no more children
          ... node has no more children
         ;
         ... node has no more children
        ... node has no more children
       <statement>
        <varDecl>
         Reserved Word: int
         <singleVarDecl>
          IDENTIFIER: j
          =
          <expr3>
           <expr2>
            <expr1>
             IDENTIFIER: jlo
             ... node has no more children
            ... node has no more children
           +
           <expr2>
            <expr1>
             (
             <expr7>
              <expr6>
               <expr5>
                <expr4>
                 <expr3>
                  <expr2>
                   <expr1>
                    (
                    <expr7>
                     <expr6>
                      <expr5>
                       <expr4>
                        <expr3>
                         <expr2>
                          <expr1>
                           IDENTIFIER: jhi
                           ... node has no more children
                          ... node has no more children
                         -
                         <expr2>
                          <expr1>
                           IDENTIFIER: jlo
                           ... node has no more children
                          ... node has no more children
                         +
                         <expr2>
                          <expr1>
                           UNSIGNED INTEGER LITERAL: 1
                           ... node has no more children
                          ... node has no more children
                         ... node has no more children
                        ... node has no more children
                       ... node has no more children
                      ... node has no more children
                     ... node has no more children
                    )
                    ... node has no more children
                   *
                   <expr1>
                    IDENTIFIER: jran
                    ... node has no more children
                   ... node has no more children
                  ... node has no more children
                 ... node has no more children
                ... node has no more children
               ... node has no more children
              ... node has no more children
             )
             ... node has no more children
            /
            <expr1>
             IDENTIFIER: im
             ... node has no more children
            ... node has no more children
           ... node has no more children
          ... node has no more children
         ;
         ... node has no more children
        ... node has no more children
       <statement>
        <outputStmt>
         Reserved Word: System
         .
         Reserved Word: out
         .
         Reserved Word: print
         (
         <printArgument>
          CHARACTER STRING LITERAL: "Creating array of "
          ... node has no more children
         )
         ;
         ... node has no more children
        ... node has no more children
       <statement>
        <outputStmt>
         Reserved Word: System
         .
         Reserved Word: out
         .
         Reserved Word: print
         (
         <printArgument>
          <expr3>
           <expr2>
            <expr1>
             IDENTIFIER: j
             ... node has no more children
            ... node has no more children
           ... node has no more children
          ... node has no more children
         )
         ;
         ... node has no more children
        ... node has no more children
       <statement>
        <outputStmt>
         Reserved Word: System
         .
         Reserved Word: out
         .
         Reserved Word: println
         (
         <printArgument>
          CHARACTER STRING LITERAL: " int[][]s."
          ... node has no more children
         )
         ;
         ... node has no more children
        ... node has no more children
       <statement>
        <assignmentOrInvoc>
         IDENTIFIER: r
         =
         <expr3>
          <expr2>
           <expr1>
            Reserved Word: new
            Reserved Word: int
            [
            <expr3>
             <expr2>
              <expr1>
               IDENTIFIER: j
               ... node has no more children
              ... node has no more children
             ... node has no more children
            ]
            ... node has no more children
           ... node has no more children
          ... node has no more children
